#
# A fatal error has been detected by the Java Runtime Environment:
#
#  EXCEPTION_ACCESS_VIOLATION (0xc0000005) at pc=0x00007ffaf847fe53, pid=9772, tid=16152
#
# JRE version: Java(TM) SE Runtime Environment (22.0.1+8) (build 22.0.1+8-16)
# Java VM: Java HotSpot(TM) 64-Bit Server VM (22.0.1+8-16, mixed mode, emulated-client, sharing, tiered, compressed oops, compressed class ptrs, g1 gc, windows-amd64)
# Problematic frame:
# V  [jvm.dll+0x26fe53]
#
# No core dump will be written. Minidumps are not enabled by default on client versions of Windows
#
# If you would like to submit a bug report, please visit:
#   https://bugreport.java.com/bugreport/crash.jsp
#

---------------  S U M M A R Y ------------

Command Line: -XX:+ShowCodeDetailsInExceptionMessages -agentlib:jdwp=transport=dt_socket,suspend=y,address=localhost:64831 -Dcom.sun.management.jmxremote -Dcom.sun.management.jmxremote.port=64829 -Dcom.sun.management.jmxremote.authenticate=false -Dcom.sun.management.jmxremote.ssl=false -Djava.rmi.server.hostname=localhost -Dspring.jmx.enabled=true -Dmanagement.endpoints.jmx.exposure.include=* -Dspring.application.admin.enabled=true -XX:TieredStopAtLevel=1 -Dspring.boot.project.name=springrest -javaagent:C:\Users\rupal\Downloads\sts-4.22.1.RELEASE\configuration\org.eclipse.osgi\266\0\.cp\lib\javaagent-shaded.jar -Dfile.encoding=UTF-8 -Dstdout.encoding=UTF-8 -Dstderr.encoding=UTF-8 com.springrest.springrest.SpringrestApplication --spring.output.ansi.enabled=always

Host: Intel(R) Core(TM) i5-10300H CPU @ 2.50GHz, 8 cores, 7G,  Windows 11 , 64 bit Build 22621 (10.0.22621.3527)
Time: Thu Jun 13 02:05:10 2024 India Standard Time elapsed time: 59.884098 seconds (0d 0h 0m 59s)

---------------  T H R E A D  ---------------

Current thread (0x00000235bb2d31c0):  VMThread "VM Thread"          [id=16152, stack(0x0000006fa2e00000,0x0000006fa2f00000) (1024K)]

Stack: [0x0000006fa2e00000,0x0000006fa2f00000],  sp=0x0000006fa2efef00,  free space=1019k
Native frames: (J=compiled Java code, j=interpreted, Vv=VM code, C=native code)
V  [jvm.dll+0x26fe53]  (no source info available)
V  [jvm.dll+0x26da22]  (no source info available)
V  [jvm.dll+0x696099]  (no source info available)
V  [jvm.dll+0x696a95]  (no source info available)
V  [jvm.dll+0x5b0b82]  (no source info available)
V  [jvm.dll+0x5b4a23]  (no source info available)
V  [jvm.dll+0x5b25eb]  (no source info available)
V  [jvm.dll+0x87d7d0]  (no source info available)
V  [jvm.dll+0x87eb57]  (no source info available)
V  [jvm.dll+0x87f0d0]  (no source info available)
V  [jvm.dll+0x87f373]  (no source info available)
V  [jvm.dll+0x81d44b]  (no source info available)
V  [jvm.dll+0x6e0915]  (no source info available)
C  [ucrtbase.dll+0x29333]  (no source info available)
C  [KERNEL32.DLL+0x1257d]  (no source info available)
C  [ntdll.dll+0x5aa48]  (no source info available)


siginfo: EXCEPTION_ACCESS_VIOLATION (0xc0000005), reading address 0x00000235839dc7c0


Registers:
RAX=0x000002358385c888, RBX=0x000002358385b640, RCX=0x000002358385c7c0, RDX=0x0000000000030000
RSP=0x0000006fa2efef00, RBP=0x00000000000000b8, RSI=0x0000006fa2eff040, RDI=0x000002358385b640
R8 =0x00000000000000b8, R9 =0x00007ffaf847fe43, R10=0x000000000000ffff, R11=0x000002358385be50
R12=0x0000023581327420, R13=0x000002358385b640, R14=0x000000000000ffff, R15=0x0000000000000002
RIP=0x00007ffaf847fe53, EFLAGS=0x0000000000010202


Register to memory mapping:

RAX=0x000002358385c888 is pointing into metadata
RBX=0x000002358385b640 is pointing into metadata
RCX=0x000002358385c7c0 is pointing into metadata
RDX=0x0000000000030000 is an unknown value
RSP=0x0000006fa2efef00 points into unknown readable memory: 0x00000235fdfc3c60 | 60 3c fc fd 35 02 00 00
RBP=0x00000000000000b8 is an unknown value
RSI=0x0000006fa2eff040 points into unknown readable memory: 0x0000023581327c28 | 28 7c 32 81 35 02 00 00
RDI=0x000002358385b640 is pointing into metadata
R8 =0x00000000000000b8 is an unknown value
R9 =0x00007ffaf847fe43 jvm.dll
R10=0x000000000000ffff is an unknown value
R11={method} {0x000002358385be58} 'deleteCourse' '(Ljava/lang/String;)Lorg/springframework/http/ResponseEntity;' in 'com/springrest/springrest/controller/MyController'
R12=0x0000023581327420 is pointing into metadata
R13=0x000002358385b640 is pointing into metadata
R14=0x000000000000ffff is an unknown value
R15=0x0000000000000002 is an unknown value

Top of Stack: (sp=0x0000006fa2efef00)
0x0000006fa2efef00:   00000235fdfc3c60 00000235a8b7e3c0
0x0000006fa2efef10:   00007ffa00000000 00000235a89d2700
0x0000006fa2efef20:   0000000000000000 00007ffaf847da22
0x0000006fa2efef30:   00000235b3b6e110 00000235bb2d31c0
0x0000006fa2efef40:   00007ffaf8ea3b20 00000000000003d8
0x0000006fa2efef50:   00000000000000b8 00007ffaf88a6099
0x0000006fa2efef60:   00000000000000b8 00007ffaf85b3bb0
0x0000006fa2efef70:   00007ffaf8ea3b20 0000006fa2eff010
0x0000006fa2efef80:   0000000000000000 0000000000000009
0x0000006fa2efef90:   0000006fa2eff010 00007ffaf835812e
0x0000006fa2efefa0:   000002358385be50 0000000000000218
0x0000006fa2efefb0:   00000000000000b8 000002358385bddd
0x0000006fa2efefc0:   00000000000000b8 00007ffaf88a6a95
0x0000006fa2efefd0:   00000000000000b8 0000006fa2eff049
0x0000006fa2efefe0:   00000000000000b8 0000000000000010
0x0000006fa2efeff0:   0000023581327420 000002358385b640
0x0000006fa2eff000:   000002358385be50 00000235bb2d31c0
0x0000006fa2eff010:   000002358385be50 00000235bb2d31c0
0x0000006fa2eff020:   0000000800000005 000000b800000024
0x0000006fa2eff030:   0000000000000000 00000235000000b8
0x0000006fa2eff040:   0000023581327c28 00000235bb2d31c0
0x0000006fa2eff050:   0000000800000005 000000b800000024
0x0000006fa2eff060:   00000235b3b80000 00000235000000b8
0x0000006fa2eff070:   00000235bb172a08 0000000000000001
0x0000006fa2eff080:   0000000000000001 0000000000000008
0x0000006fa2eff090:   0000023581327c28 0000000000000000
0x0000006fa2eff0a0:   0000006fa38ff3b0 00007ffaf87c0b82
0x0000006fa2eff0b0:   000002358385be50 0000023581327420
0x0000006fa2eff0c0:   000002358385b640 0000023581327c58
0x0000006fa2eff0d0:   0000000000000000 00000235bb2bb858
0x0000006fa2eff0e0:   0000000000000000 00000235b3ba6ab0
0x0000006fa2eff0f0:   0000000000000000 00000235bd9840f0 

Instructions: (pc=0x00007ffaf847fe53)
0x00007ffaf847fd53:   24 20 e8 e6 a1 09 00 48 8b 44 24 38 48 8d 15 0a
0x00007ffaf847fd63:   d9 76 00 4c 8b cd 48 89 44 24 20 41 b8 6f 03 00
0x00007ffaf847fd73:   00 48 8b cf e8 d4 91 09 00 eb 1d 4c 89 6c 24 20
0x00007ffaf847fd83:   41 b8 71 03 00 00 4c 8b cd 48 8d 15 dd d8 76 00
0x00007ffaf847fd93:   48 8b cf e8 45 93 09 00 4c 39 2e 74 13 49 8b d4
0x00007ffaf847fda3:   48 8b cb e8 e5 43 e5 ff 48 8b ce e8 bd 43 e5 ff
0x00007ffaf847fdb3:   4c 39 73 18 74 0c 48 89 73 10 4c 89 73 18 4c 89
0x00007ffaf847fdc3:   7b 20 48 8b 9c 24 80 00 00 00 48 83 c4 40 41 5f
0x00007ffaf847fdd3:   41 5e 41 5d 41 5c 5f 5e 5d c3 cc cc cc 48 83 ec
0x00007ffaf847fde3:   28 41 8d 80 4e ff ff ff 4c 63 d2 83 f8 37 77 69
0x00007ffaf847fdf3:   48 8d 15 06 02 d9 ff 48 98 0f b6 84 02 94 fe 26
0x00007ffaf847fe03:   00 44 8b 8c 82 84 fe 26 00 4c 03 ca 41 ff e1 48
0x00007ffaf847fe13:   8b 41 10 41 f7 d2 49 63 d2 48 03 d2 48 8b 48 20
0x00007ffaf847fe23:   0f b7 44 d1 12 48 83 c4 28 c3 48 8b 51 10 4b 8d
0x00007ffaf847fe33:   0c 52 48 8b 42 28 0f b7 44 c8 16 48 83 c4 28 c3
0x00007ffaf847fe43:   49 8d 42 01 48 8d 14 40 48 8b 41 10 48 8b 48 30
0x00007ffaf847fe53:   0f b7 04 d1 48 83 c4 28 c3 48 8b 0d 5d a0 97 00
0x00007ffaf847fe63:   48 8d 15 4e d8 76 00 e8 81 43 47 00 ba c2 02 00
0x00007ffaf847fe73:   00 48 8d 0d f5 d7 76 00 e8 e0 fd 00 00 cc 0f 1f
0x00007ffaf847fe83:   00 2d fe 26 00 43 fe 26 00 12 fe 26 00 5c fe 26
0x00007ffaf847fe93:   00 00 00 00 00 01 01 01 01 02 03 03 03 03 03 03
0x00007ffaf847fea3:   03 03 03 03 03 03 03 03 03 03 03 03 03 03 03 03
0x00007ffaf847feb3:   03 03 03 03 03 03 03 03 03 03 03 03 03 03 03 03
0x00007ffaf847fec3:   03 03 01 03 03 03 03 03 01 cc cc cc cc 48 89 5c
0x00007ffaf847fed3:   24 18 55 56 57 41 54 41 55 41 56 41 57 b8 40 13
0x00007ffaf847fee3:   00 00 e8 86 5c 6a 00 48 2b e0 48 8b 05 f4 55 99
0x00007ffaf847fef3:   00 48 33 c4 48 89 84 24 30 13 00 00 65 48 8b 04
0x00007ffaf847ff03:   25 58 00 00 00 4c 8b e2 8b 15 23 bc a2 00 48 8b
0x00007ffaf847ff13:   f9 b9 70 00 00 00 48 8b 1c d0 80 3c 19 00 75 0a
0x00007ffaf847ff23:   e8 80 54 6a 00 b9 70 00 00 00 b8 20 00 00 00 45
0x00007ffaf847ff33:   33 f6 41 bd ff ff ff ff 48 8b 04 18 48 8b b0 20
0x00007ffaf847ff43:   03 00 00 48 8b 46 20 48 8b 6e 10 4c 8b 7e 18 48 


Stack slot to memory mapping:

stack at sp + 0 slots: 0x00000235fdfc3c60 points into unknown readable memory: 0x0000054800000031 | 31 00 00 00 48 05 00 00
stack at sp + 1 slots: 0x00000235a8b7e3c0 points into unknown readable memory: 0x00000235aad818d0 | d0 18 d8 aa 35 02 00 00
stack at sp + 2 slots: 0x00007ffa00000000 is an unknown value
stack at sp + 3 slots: 0x00000235a89d2700 points into unknown readable memory: 0x00000235a89d0cf0 | f0 0c 9d a8 35 02 00 00
stack at sp + 4 slots: 0x0 is null
stack at sp + 5 slots: 0x00007ffaf847da22 jvm.dll
stack at sp + 6 slots: 0x00000235b3b6e110 is at entry_point+-464 in (nmethod*)0x00000235b3b6e110
Compiled method (c1) 60048 5135   !   1       jdk.proxy2.$Proxy51::annotationType (29 bytes)
 total in heap  [0x00000235b3b6e110,0x00000235b3b6e690] = 1408
 relocation     [0x00000235b3b6e268,0x00000235b3b6e2d0] = 104
 main code      [0x00000235b3b6e2e0,0x00000235b3b6e4f0] = 528
 stub code      [0x00000235b3b6e4f0,0x00000235b3b6e548] = 88
 oops           [0x00000235b3b6e548,0x00000235b3b6e550] = 8
 metadata       [0x00000235b3b6e550,0x00000235b3b6e558] = 8
 scopes data    [0x00000235b3b6e558,0x00000235b3b6e5a0] = 72
 scopes pcs     [0x00000235b3b6e5a0,0x00000235b3b6e630] = 144
 dependencies   [0x00000235b3b6e630,0x00000235b3b6e638] = 8
 handler table  [0x00000235b3b6e638,0x00000235b3b6e680] = 72
 nul chk table  [0x00000235b3b6e680,0x00000235b3b6e690] = 16
stack at sp + 7 slots: 0x00000235bb2d31c0 points into unknown readable memory: 0x00007ffaf8ca3e20 | 20 3e ca f8 fa 7f 00 00

VM_Operation (0x0000006fa38ff3b0): RedefineClasses, mode: safepoint, requested by thread 0x00000235bb582290, redefining class com.springrest.springrest.controller.MyController



---------------  P R O C E S S  ---------------

Threads class SMR info:
_java_thread_list=0x00000235841822e0, length=37, elements={
0x00000235bb2f1770, 0x00000235bb2f6790, 0x00000235bb2fa570, 0x00000235bb2fccf0,
0x00000235bb2fec40, 0x00000235bb303df0, 0x00000235bb304460, 0x00000235bb33e180,
0x00000235bb582290, 0x00000235bb5aaeb0, 0x00000235bb5ad4c0, 0x00000235fd132050,
0x00000235fd362b20, 0x00000235fd36d450, 0x00000235fd3975a0, 0x00000235fd7f88d0,
0x00000235fd800490, 0x00000235fd800f10, 0x00000235fd81a9f0, 0x00000235fe4ce310,
0x00000235fe4cd5f0, 0x00000235fe4cc8d0, 0x00000235fe4cbbb0, 0x00000235fe4ccf60,
0x00000235fe4cae90, 0x00000235fe4cc240, 0x00000235fe4cb520, 0x00000235fe4cdc80,
0x00000235fe5aa350, 0x00000235fe5ae4f0, 0x00000235fe5a9cc0, 0x00000235fe5ac420,
0x00000235fe5aa9e0, 0x00000235fe5acab0, 0x00000235fe5abd90, 0x00000235fe5ad7d0,
0x00000235fe5ade60
}

Java Threads: ( => current thread )
  0x00000235bb2f1770 JavaThread "Reference Handler"          daemon [_thread_blocked, id=11616, stack(0x0000006fa2f00000,0x0000006fa3000000) (1024K)]
  0x00000235bb2f6790 JavaThread "Finalizer"                  daemon [_thread_blocked, id=14416, stack(0x0000006fa3000000,0x0000006fa3100000) (1024K)]
  0x00000235bb2fa570 JavaThread "Signal Dispatcher"          daemon [_thread_blocked, id=1844, stack(0x0000006fa3100000,0x0000006fa3200000) (1024K)]
  0x00000235bb2fccf0 JavaThread "Attach Listener"            daemon [_thread_blocked, id=30248, stack(0x0000006fa3200000,0x0000006fa3300000) (1024K)]
  0x00000235bb2fec40 JavaThread "Service Thread"             daemon [_thread_blocked, id=7828, stack(0x0000006fa3300000,0x0000006fa3400000) (1024K)]
  0x00000235bb303df0 JavaThread "Monitor Deflation Thread"   daemon [_thread_blocked, id=19476, stack(0x0000006fa3400000,0x0000006fa3500000) (1024K)]
  0x00000235bb304460 JavaThread "C1 CompilerThread0"         daemon [_thread_blocked, id=17176, stack(0x0000006fa3500000,0x0000006fa3600000) (1024K)]
  0x00000235bb33e180 JavaThread "Common-Cleaner"             daemon [_thread_blocked, id=21376, stack(0x0000006fa3600000,0x0000006fa3700000) (1024K)]
  0x00000235bb582290 JavaThread "JDWP Transport Listener: dt_socket" daemon [_thread_blocked, id=24448, stack(0x0000006fa3800000,0x0000006fa3900000) (1024K)]
  0x00000235bb5aaeb0 JavaThread "JDWP Event Helper Thread"   daemon [_thread_blocked, id=12564, stack(0x0000006fa3900000,0x0000006fa3a00000) (1024K)]
  0x00000235bb5ad4c0 JavaThread "JDWP Command Reader"        daemon [_thread_in_native, id=23952, stack(0x0000006fa3a00000,0x0000006fa3b00000) (1024K)]
  0x00000235fd132050 JavaThread "Notification Thread"        daemon [_thread_blocked, id=27548, stack(0x0000006fa3b00000,0x0000006fa3c00000) (1024K)]
  0x00000235fd362b20 JavaThread "RMI TCP Accept-0"           daemon [_thread_in_native, id=24832, stack(0x0000006fa3e00000,0x0000006fa3f00000) (1024K)]
  0x00000235fd36d450 JavaThread "RMI TCP Accept-64829"       daemon [_thread_in_native, id=8184, stack(0x0000006fa3f00000,0x0000006fa4000000) (1024K)]
  0x00000235fd3975a0 JavaThread "RMI TCP Accept-0"           daemon [_thread_in_native, id=24452, stack(0x0000006fa4000000,0x0000006fa4100000) (1024K)]
  0x00000235fd7f88d0 JavaThread "RMI TCP Connection(idle)"   daemon [_thread_blocked, id=10716, stack(0x0000006fa4800000,0x0000006fa4900000) (1024K)]
  0x00000235fd800490 JavaThread "RMI Scheduler(0)"           daemon [_thread_blocked, id=5236, stack(0x0000006fa4900000,0x0000006fa4a00000) (1024K)]
  0x00000235fd800f10 JavaThread "RMI TCP Connection(idle)"   daemon [_thread_blocked, id=14364, stack(0x0000006fa4a00000,0x0000006fa4b00000) (1024K)]
  0x00000235fd81a9f0 JavaThread "JMX server connection timeout 38" daemon [_thread_blocked, id=26100, stack(0x0000006fa4b00000,0x0000006fa4c00000) (1024K)]
  0x00000235fe4ce310 JavaThread "Catalina-utility-1"                [_thread_blocked, id=11296, stack(0x0000006fa4c00000,0x0000006fa4d00000) (1024K)]
  0x00000235fe4cd5f0 JavaThread "Catalina-utility-2"                [_thread_blocked, id=7728, stack(0x0000006fa4d00000,0x0000006fa4e00000) (1024K)]
  0x00000235fe4cc8d0 JavaThread "http-nio-8080-exec-1"       daemon [_thread_blocked, id=29872, stack(0x0000006fa4f00000,0x0000006fa5000000) (1024K)]
  0x00000235fe4cbbb0 JavaThread "http-nio-8080-exec-2"       daemon [_thread_blocked, id=8764, stack(0x0000006fa5000000,0x0000006fa5100000) (1024K)]
  0x00000235fe4ccf60 JavaThread "http-nio-8080-exec-3"       daemon [_thread_blocked, id=13288, stack(0x0000006fa5100000,0x0000006fa5200000) (1024K)]
  0x00000235fe4cae90 JavaThread "http-nio-8080-exec-4"       daemon [_thread_blocked, id=31204, stack(0x0000006fa5200000,0x0000006fa5300000) (1024K)]
  0x00000235fe4cc240 JavaThread "http-nio-8080-exec-5"       daemon [_thread_blocked, id=1888, stack(0x0000006fa5300000,0x0000006fa5400000) (1024K)]
  0x00000235fe4cb520 JavaThread "http-nio-8080-exec-6"       daemon [_thread_blocked, id=14504, stack(0x0000006fa5400000,0x0000006fa5500000) (1024K)]
  0x00000235fe4cdc80 JavaThread "http-nio-8080-exec-7"       daemon [_thread_blocked, id=26228, stack(0x0000006fa5500000,0x0000006fa5600000) (1024K)]
  0x00000235fe5aa350 JavaThread "http-nio-8080-exec-8"       daemon [_thread_blocked, id=7208, stack(0x0000006fa5600000,0x0000006fa5700000) (1024K)]
  0x00000235fe5ae4f0 JavaThread "http-nio-8080-exec-9"       daemon [_thread_blocked, id=18232, stack(0x0000006fa5700000,0x0000006fa5800000) (1024K)]
  0x00000235fe5a9cc0 JavaThread "http-nio-8080-exec-10"      daemon [_thread_blocked, id=22216, stack(0x0000006fa5800000,0x0000006fa5900000) (1024K)]
  0x00000235fe5ac420 JavaThread "container-0"                       [_thread_blocked, id=17160, stack(0x0000006fa5900000,0x0000006fa5a00000) (1024K)]
  0x00000235fe5aa9e0 JavaThread "mysql-cj-abandoned-connection-cleanup" daemon [_thread_blocked, id=29512, stack(0x0000006fa5a00000,0x0000006fa5b00000) (1024K)]
  0x00000235fe5acab0 JavaThread "HikariPool-1 housekeeper"   daemon [_thread_blocked, id=15012, stack(0x0000006fa5c00000,0x0000006fa5d00000) (1024K)]
  0x00000235fe5abd90 JavaThread "http-nio-8080-Poller"       daemon [_thread_in_native, id=20292, stack(0x0000006fa5e00000,0x0000006fa5f00000) (1024K)]
  0x00000235fe5ad7d0 JavaThread "http-nio-8080-Acceptor"     daemon [_thread_in_native, id=19440, stack(0x0000006fa5f00000,0x0000006fa6000000) (1024K)]
  0x00000235fe5ade60 JavaThread "DestroyJavaVM"                     [_thread_blocked, id=26848, stack(0x0000006fa2700000,0x0000006fa2800000) (1024K)]
Total: 37

Other Threads:
=>0x00000235bb2d31c0 VMThread "VM Thread"                           [id=16152, stack(0x0000006fa2e00000,0x0000006fa2f00000) (1024K)]
  0x00000235bb2ba0d0 WatcherThread "VM Periodic Task Thread"        [id=10296, stack(0x0000006fa2d00000,0x0000006fa2e00000) (1024K)]
  0x00000235a8b7df10 WorkerThread "GC Thread#0"                     [id=24964, stack(0x0000006fa2800000,0x0000006fa2900000) (1024K)]
  0x00000235fd6fa530 WorkerThread "GC Thread#1"                     [id=28652, stack(0x0000006fa4100000,0x0000006fa4200000) (1024K)]
  0x00000235fd70ded0 WorkerThread "GC Thread#2"                     [id=512, stack(0x0000006fa4200000,0x0000006fa4300000) (1024K)]
  0x00000235fd738830 WorkerThread "GC Thread#3"                     [id=28932, stack(0x0000006fa4300000,0x0000006fa4400000) (1024K)]
  0x00000235fd74a250 WorkerThread "GC Thread#4"                     [id=31660, stack(0x0000006fa4400000,0x0000006fa4500000) (1024K)]
  0x00000235fd74aa00 WorkerThread "GC Thread#5"                     [id=29300, stack(0x0000006fa4500000,0x0000006fa4600000) (1024K)]
  0x00000235fd74adb0 WorkerThread "GC Thread#6"                     [id=12616, stack(0x0000006fa4600000,0x0000006fa4700000) (1024K)]
  0x00000235fd74b560 WorkerThread "GC Thread#7"                     [id=7448, stack(0x0000006fa4700000,0x0000006fa4800000) (1024K)]
  0x00000235aad818d0 ConcurrentGCThread "G1 Main Marker"            [id=5040, stack(0x0000006fa2900000,0x0000006fa2a00000) (1024K)]
  0x00000235aad82090 WorkerThread "G1 Conc#0"                       [id=23112, stack(0x0000006fa2a00000,0x0000006fa2b00000) (1024K)]
  0x00000235fde45040 WorkerThread "G1 Conc#1"                       [id=9348, stack(0x0000006fa4e00000,0x0000006fa4f00000) (1024K)]
  0x00000235aadcea30 ConcurrentGCThread "G1 Refine#0"               [id=12284, stack(0x0000006fa2b00000,0x0000006fa2c00000) (1024K)]
  0x00000235bb18e540 ConcurrentGCThread "G1 Service"                [id=9560, stack(0x0000006fa2c00000,0x0000006fa2d00000) (1024K)]
Total: 15

Threads with active compile tasks:
Total: 0

VM state: at safepoint (normal execution)

VM Mutex/Monitor currently owned by a thread:  ([mutex/lock_event])
[0x00007ffaf8e7bbb8] Threads_lock - owner thread: 0x00000235bb2d31c0

Heap address: 0x0000000082a00000, size: 2006 MB, Compressed Oops mode: 32-bit

CDS archive(s) mapped at: [0x00000235bc000000-0x00000235bcc60000-0x00000235bcc60000), size 12976128, SharedBaseAddress: 0x00000235bc000000, ArchiveRelocationMode: 1.
Compressed class space mapped at: 0x00000235bd000000-0x00000235fd000000, reserved size: 1073741824
Narrow klass base: 0x00000235bc000000, Narrow klass shift: 0, Narrow klass range: 0x41000000

GC Precious Log:
 CardTable entry size: 512
 Card Set container configuration: InlinePtr #cards 5 size 8 Array Of Cards #cards 12 size 40 Howl #buckets 4 coarsen threshold 1843 Howl Bitmap #cards 512 size 80 coarsen threshold 460 Card regions per heap region 1 cards per card region 2048
 CPUs: 8 total, 8 available
 Memory: 8023M
 Large Page Support: Disabled
 NUMA Support: Disabled
 Compressed Oops: Enabled (32-bit)
 Heap Region Size: 1M
 Heap Min Capacity: 8M
 Heap Initial Capacity: 126M
 Heap Max Capacity: 2006M
 Pre-touch: Disabled
 Parallel Workers: 8
 Concurrent Workers: 2
 Concurrent Refinement Workers: 8
 Periodic GC: Disabled

Heap:
 garbage-first heap   total reserved 2054144K, committed 65536K, used 36989K [0x0000000082a00000, 0x0000000100000000)
  region size 1024K, 13 young (13312K), 4 survivors (4096K)
 Metaspace       used 65957K, committed 66688K, reserved 1114112K
  class space    used 9339K, committed 9664K, reserved 1048576K

Heap Regions: E=young(eden), S=young(survivor), O=old, HS=humongous(starts), HC=humongous(continues), CS=collection set, F=free, TAMS=top-at-mark-start, PB=parsable bottom
|   0|0x0000000082a00000, 0x0000000082b00000, 0x0000000082b00000|100%|HS|  |TAMS 0x0000000082a00000| PB 0x0000000082a00000| Complete |  0
|   1|0x0000000082b00000, 0x0000000082c00000, 0x0000000082c00000|100%| O|  |TAMS 0x0000000082b00000| PB 0x0000000082b00000| Untracked |  0
|   2|0x0000000082c00000, 0x0000000082d00000, 0x0000000082d00000|100%| O|  |TAMS 0x0000000082c00000| PB 0x0000000082c00000| Untracked |  0
|   3|0x0000000082d00000, 0x0000000082e00000, 0x0000000082e00000|100%| O|  |TAMS 0x0000000082d00000| PB 0x0000000082d00000| Untracked |  0
|   4|0x0000000082e00000, 0x0000000082f00000, 0x0000000082f00000|100%| O|  |TAMS 0x0000000082e00000| PB 0x0000000082e00000| Untracked |  0
|   5|0x0000000082f00000, 0x0000000083000000, 0x0000000083000000|100%| O|  |TAMS 0x0000000082f00000| PB 0x0000000082f00000| Untracked |  0
|   6|0x0000000083000000, 0x0000000083100000, 0x0000000083100000|100%| O|  |TAMS 0x0000000083000000| PB 0x0000000083000000| Untracked |  0
|   7|0x0000000083100000, 0x0000000083200000, 0x0000000083200000|100%| O|  |TAMS 0x0000000083100000| PB 0x0000000083100000| Untracked |  0
|   8|0x0000000083200000, 0x0000000083300000, 0x0000000083300000|100%| O|  |TAMS 0x0000000083200000| PB 0x0000000083200000| Untracked |  0
|   9|0x0000000083300000, 0x0000000083400000, 0x0000000083400000|100%| O|  |TAMS 0x0000000083300000| PB 0x0000000083300000| Untracked |  0
|  10|0x0000000083400000, 0x0000000083500000, 0x0000000083500000|100%| O|  |TAMS 0x0000000083400000| PB 0x0000000083400000| Untracked |  0
|  11|0x0000000083500000, 0x0000000083600000, 0x0000000083600000|100%| O|  |TAMS 0x0000000083500000| PB 0x0000000083500000| Untracked |  0
|  12|0x0000000083600000, 0x0000000083700000, 0x0000000083700000|100%| O|  |TAMS 0x0000000083600000| PB 0x0000000083600000| Untracked |  0
|  13|0x0000000083700000, 0x0000000083800000, 0x0000000083800000|100%| O|  |TAMS 0x0000000083700000| PB 0x0000000083700000| Untracked |  0
|  14|0x0000000083800000, 0x0000000083900000, 0x0000000083900000|100%| O|  |TAMS 0x0000000083800000| PB 0x0000000083800000| Untracked |  0
|  15|0x0000000083900000, 0x0000000083a00000, 0x0000000083a00000|100%| O|  |TAMS 0x0000000083900000| PB 0x0000000083900000| Untracked |  0
|  16|0x0000000083a00000, 0x0000000083b00000, 0x0000000083b00000|100%| O|  |TAMS 0x0000000083a00000| PB 0x0000000083a00000| Untracked |  0
|  17|0x0000000083b00000, 0x0000000083c00000, 0x0000000083c00000|100%| O|Cm|TAMS 0x0000000083b00000| PB 0x0000000083b00000| Complete |  0
|  18|0x0000000083c00000, 0x0000000083d00000, 0x0000000083d00000|100%| O|  |TAMS 0x0000000083c00000| PB 0x0000000083c00000| Untracked |  0
|  19|0x0000000083d00000, 0x0000000083e00000, 0x0000000083e00000|100%| O|  |TAMS 0x0000000083d00000| PB 0x0000000083d00000| Untracked |  0
|  20|0x0000000083e00000, 0x0000000083f00000, 0x0000000083f00000|100%| O|  |TAMS 0x0000000083e00000| PB 0x0000000083e00000| Untracked |  0
|  21|0x0000000083f00000, 0x0000000084000000, 0x0000000084000000|100%| O|  |TAMS 0x0000000083f00000| PB 0x0000000083f00000| Untracked |  0
|  22|0x0000000084000000, 0x0000000084100000, 0x0000000084100000|100%| O|  |TAMS 0x0000000084000000| PB 0x0000000084000000| Untracked |  0
|  23|0x0000000084100000, 0x0000000084200000, 0x0000000084200000|100%| O|  |TAMS 0x0000000084100000| PB 0x0000000084100000| Untracked |  0
|  24|0x0000000084200000, 0x00000000842af4c0, 0x0000000084300000| 68%| O|  |TAMS 0x0000000084200000| PB 0x0000000084200000| Untracked |  0
|  25|0x0000000084300000, 0x0000000084300000, 0x0000000084400000|  0%| F|  |TAMS 0x0000000084300000| PB 0x0000000084300000| Untracked |  0
|  26|0x0000000084400000, 0x0000000084400000, 0x0000000084500000|  0%| F|  |TAMS 0x0000000084400000| PB 0x0000000084400000| Untracked |  0
|  27|0x0000000084500000, 0x000000008456ff90, 0x0000000084600000| 43%| S|CS|TAMS 0x0000000084500000| PB 0x0000000084500000| Complete |  0
|  28|0x0000000084600000, 0x0000000084700000, 0x0000000084700000|100%| S|CS|TAMS 0x0000000084600000| PB 0x0000000084600000| Complete |  0
|  29|0x0000000084700000, 0x0000000084800000, 0x0000000084800000|100%| S|CS|TAMS 0x0000000084700000| PB 0x0000000084700000| Complete |  0
|  30|0x0000000084800000, 0x0000000084900000, 0x0000000084900000|100%| S|CS|TAMS 0x0000000084800000| PB 0x0000000084800000| Complete |  0
|  31|0x0000000084900000, 0x0000000084900000, 0x0000000084a00000|  0%| F|  |TAMS 0x0000000084900000| PB 0x0000000084900000| Untracked |  0
|  32|0x0000000084a00000, 0x0000000084a00000, 0x0000000084b00000|  0%| F|  |TAMS 0x0000000084a00000| PB 0x0000000084a00000| Untracked |  0
|  33|0x0000000084b00000, 0x0000000084b00000, 0x0000000084c00000|  0%| F|  |TAMS 0x0000000084b00000| PB 0x0000000084b00000| Untracked |  0
|  34|0x0000000084c00000, 0x0000000084c00000, 0x0000000084d00000|  0%| F|  |TAMS 0x0000000084c00000| PB 0x0000000084c00000| Untracked |  0
|  35|0x0000000084d00000, 0x0000000084d00000, 0x0000000084e00000|  0%| F|  |TAMS 0x0000000084d00000| PB 0x0000000084d00000| Untracked |  0
|  36|0x0000000084e00000, 0x0000000084e00000, 0x0000000084f00000|  0%| F|  |TAMS 0x0000000084e00000| PB 0x0000000084e00000| Untracked |  0
|  37|0x0000000084f00000, 0x0000000084f00000, 0x0000000085000000|  0%| F|  |TAMS 0x0000000084f00000| PB 0x0000000084f00000| Untracked |  0
|  38|0x0000000085000000, 0x0000000085000000, 0x0000000085100000|  0%| F|  |TAMS 0x0000000085000000| PB 0x0000000085000000| Untracked |  0
|  39|0x0000000085100000, 0x0000000085100000, 0x0000000085200000|  0%| F|  |TAMS 0x0000000085100000| PB 0x0000000085100000| Untracked |  0
|  40|0x0000000085200000, 0x0000000085200000, 0x0000000085300000|  0%| F|  |TAMS 0x0000000085200000| PB 0x0000000085200000| Untracked |  0
|  41|0x0000000085300000, 0x0000000085300000, 0x0000000085400000|  0%| F|  |TAMS 0x0000000085300000| PB 0x0000000085300000| Untracked |  0
|  42|0x0000000085400000, 0x0000000085400000, 0x0000000085500000|  0%| F|  |TAMS 0x0000000085400000| PB 0x0000000085400000| Untracked |  0
|  43|0x0000000085500000, 0x0000000085500000, 0x0000000085600000|  0%| F|  |TAMS 0x0000000085500000| PB 0x0000000085500000| Untracked |  0
|  44|0x0000000085600000, 0x0000000085600000, 0x0000000085700000|  0%| F|  |TAMS 0x0000000085600000| PB 0x0000000085600000| Untracked |  0
|  45|0x0000000085700000, 0x0000000085700000, 0x0000000085800000|  0%| F|  |TAMS 0x0000000085700000| PB 0x0000000085700000| Untracked |  0
|  46|0x0000000085800000, 0x0000000085800000, 0x0000000085900000|  0%| F|  |TAMS 0x0000000085800000| PB 0x0000000085800000| Untracked |  0
|  47|0x0000000085900000, 0x0000000085900000, 0x0000000085a00000|  0%| F|  |TAMS 0x0000000085900000| PB 0x0000000085900000| Untracked |  0
|  48|0x0000000085a00000, 0x0000000085a00000, 0x0000000085b00000|  0%| F|  |TAMS 0x0000000085a00000| PB 0x0000000085a00000| Untracked |  0
|  49|0x0000000085b00000, 0x0000000085b00000, 0x0000000085c00000|  0%| F|  |TAMS 0x0000000085b00000| PB 0x0000000085b00000| Untracked |  0
|  50|0x0000000085c00000, 0x0000000085c00000, 0x0000000085d00000|  0%| F|  |TAMS 0x0000000085c00000| PB 0x0000000085c00000| Untracked |  0
|  51|0x0000000085d00000, 0x0000000085d00000, 0x0000000085e00000|  0%| F|  |TAMS 0x0000000085d00000| PB 0x0000000085d00000| Untracked |  0
|  52|0x0000000085e00000, 0x0000000085e00000, 0x0000000085f00000|  0%| F|  |TAMS 0x0000000085e00000| PB 0x0000000085e00000| Untracked |  0
|  53|0x0000000085f00000, 0x0000000085f00000, 0x0000000086000000|  0%| F|  |TAMS 0x0000000085f00000| PB 0x0000000085f00000| Untracked |  0
|  54|0x0000000086000000, 0x0000000086000000, 0x0000000086100000|  0%| F|  |TAMS 0x0000000086000000| PB 0x0000000086000000| Untracked |  0
|  55|0x0000000086100000, 0x0000000086200000, 0x0000000086200000|100%| E|  |TAMS 0x0000000086100000| PB 0x0000000086100000| Complete |  0
|  56|0x0000000086200000, 0x0000000086300000, 0x0000000086300000|100%| E|CS|TAMS 0x0000000086200000| PB 0x0000000086200000| Complete |  0
|  57|0x0000000086300000, 0x0000000086400000, 0x0000000086400000|100%| E|CS|TAMS 0x0000000086300000| PB 0x0000000086300000| Complete |  0
|  97|0x0000000088b00000, 0x0000000088c00000, 0x0000000088c00000|100%| E|CS|TAMS 0x0000000088b00000| PB 0x0000000088b00000| Complete |  0
|  98|0x0000000088c00000, 0x0000000088d00000, 0x0000000088d00000|100%| E|CS|TAMS 0x0000000088c00000| PB 0x0000000088c00000| Complete |  0
|  99|0x0000000088d00000, 0x0000000088e00000, 0x0000000088e00000|100%| E|CS|TAMS 0x0000000088d00000| PB 0x0000000088d00000| Complete |  0
| 100|0x0000000088e00000, 0x0000000088f00000, 0x0000000088f00000|100%| E|CS|TAMS 0x0000000088e00000| PB 0x0000000088e00000| Complete |  0
| 101|0x0000000088f00000, 0x0000000089000000, 0x0000000089000000|100%| E|CS|TAMS 0x0000000088f00000| PB 0x0000000088f00000| Complete |  0
| 125|0x000000008a700000, 0x000000008a800000, 0x000000008a800000|100%| E|CS|TAMS 0x000000008a700000| PB 0x000000008a700000| Complete |  0

Card table byte_map: [0x00000235b6560000,0x00000235b6950000] _byte_map_base: 0x00000235b614b000

Marking Bits: (CMBitMap*) 0x00000235a8b7e3d0
 Bits: [0x00000235b6950000, 0x00000235b88a8000)

Polling page: 0x00000235a8c90000

Metaspace:

Usage:
  Non-class:     55.29 MB used.
      Class:      9.12 MB used.
       Both:     64.41 MB used.

Virtual space:
  Non-class space:       64.00 MB reserved,      55.69 MB ( 87%) committed,  1 nodes.
      Class space:        1.00 GB reserved,       9.44 MB ( <1%) committed,  1 nodes.
             Both:        1.06 GB reserved,      65.12 MB (  6%) committed. 

Chunk freelists:
   Non-Class:  7.62 MB
       Class:  6.47 MB
        Both:  14.09 MB

MaxMetaspaceSize: unlimited
CompressedClassSpaceSize: 1.00 GB
Initial GC threshold: 21.00 MB
Current GC threshold: 98.69 MB
CDS: on
 - commit_granule_bytes: 65536.
 - commit_granule_words: 8192.
 - virtual_space_node_default_size: 8388608.
 - enlarge_chunks_in_place: 1.
 - use_allocation_guard: 0.


Internal statistics:

num_allocs_failed_limit: 11.
num_arena_births: 976.
num_arena_deaths: 0.
num_vsnodes_births: 2.
num_vsnodes_deaths: 0.
num_space_committed: 1042.
num_space_uncommitted: 0.
num_chunks_returned_to_freelist: 11.
num_chunks_taken_from_freelist: 3144.
num_chunk_merges: 11.
num_chunk_splits: 2291.
num_chunks_enlarged: 1800.
num_inconsistent_stats: 0.

CodeCache: size=49152Kb used=10148Kb max_used=11611Kb free=39003Kb
 bounds [0x00000235b3050000, 0x00000235b3bb0000, 0x00000235b6050000]
 total_blobs=6038 nmethods=5302 adapters=660
 compilation: enabled
              stopped_count=0, restarted_count=0
 full_count=0

Compilation events (20 events):
Event: 43.597 Thread 0x00000235bb304460 5360       1       java.net.InetAddress::holder (5 bytes)
Event: 43.597 Thread 0x00000235bb304460 nmethod 5360 0x00000235b344d690 code [0x00000235b344d820, 0x00000235b344d8e8]
Event: 43.599 Thread 0x00000235bb304460 5361       1       java.io.ObjectInputStream$BlockDataInputStream::readByte (20 bytes)
Event: 43.599 Thread 0x00000235bb304460 nmethod 5361 0x00000235b344d210 code [0x00000235b344d3c0, 0x00000235b344d560]
Event: 43.599 Thread 0x00000235bb304460 5362       1       java.io.ObjectInputStream$BlockDataInputStream::read (62 bytes)
Event: 43.600 Thread 0x00000235bb304460 nmethod 5362 0x00000235b344cd10 code [0x00000235b344cee0, 0x00000235b344d0c0]
Event: 43.600 Thread 0x00000235bb304460 5363       1       java.io.ObjectInputStream$PeekInputStream::read (47 bytes)
Event: 43.600 Thread 0x00000235bb304460 nmethod 5363 0x00000235b344c990 code [0x00000235b344cb40, 0x00000235b344cc98]
Event: 44.210 Thread 0x00000235bb304460 5364       1       java.util.concurrent.locks.LockSupport::setBlocker (12 bytes)
Event: 44.210 Thread 0x00000235bb304460 nmethod 5364 0x00000235b344c690 code [0x00000235b344c820, 0x00000235b344c920]
Event: 52.202 Thread 0x00000235bb304460 5365       1       java.util.concurrent.locks.AbstractQueuedSynchronizer$Node::<init> (5 bytes)
Event: 52.202 Thread 0x00000235bb304460 nmethod 5365 0x00000235b344c390 code [0x00000235b344c520, 0x00000235b344c5e8]
Event: 54.211 Thread 0x00000235bb304460 5366   !   1       java.util.concurrent.locks.AbstractQueuedSynchronizer::acquire (424 bytes)
Event: 54.215 Thread 0x00000235bb304460 nmethod 5366 0x00000235b344a910 code [0x00000235b344abe0, 0x00000235b344bab0]
Event: 54.322 Thread 0x00000235bb304460 5367       1       java.util.concurrent.locks.ReentrantReadWriteLock::readLock (5 bytes)
Event: 54.323 Thread 0x00000235bb304460 nmethod 5367 0x00000235b344a610 code [0x00000235b344a7a0, 0x00000235b344a868]
Event: 56.214 Thread 0x00000235bb304460 5368       1       java.util.concurrent.ScheduledThreadPoolExecutor$ScheduledFutureTask::compareTo (9 bytes)
Event: 56.215 Thread 0x00000235bb304460 nmethod 5368 0x00000235b344a210 code [0x00000235b344a3c0, 0x00000235b344a510]
Event: 56.215 Thread 0x00000235bb304460 5369       1       java.util.concurrent.ScheduledThreadPoolExecutor$ScheduledFutureTask::compareTo (101 bytes)
Event: 56.216 Thread 0x00000235bb304460 nmethod 5369 0x00000235b3449a10 code [0x00000235b3449c00, 0x00000235b344a068]

GC Heap History (20 events):
Event: 2.905 GC heap before
{Heap before GC invocations=4 (full 0):
 garbage-first heap   total reserved 2054144K, committed 45056K, used 33852K [0x0000000082a00000, 0x0000000100000000)
  region size 1024K, 26 young (26624K), 5 survivors (5120K)
 Metaspace       used 22974K, committed 23360K, reserved 1114112K
  class space    used 3017K, committed 3200K, reserved 1048576K
}
Event: 2.915 GC heap after
{Heap after GC invocations=5 (full 0):
 garbage-first heap   total reserved 2054144K, committed 45056K, used 13914K [0x0000000082a00000, 0x0000000100000000)
  region size 1024K, 4 young (4096K), 4 survivors (4096K)
 Metaspace       used 22974K, committed 23360K, reserved 1114112K
  class space    used 3017K, committed 3200K, reserved 1048576K
}
Event: 3.506 GC heap before
{Heap before GC invocations=5 (full 0):
 garbage-first heap   total reserved 2054144K, committed 45056K, used 34394K [0x0000000082a00000, 0x0000000100000000)
  region size 1024K, 24 young (24576K), 4 survivors (4096K)
 Metaspace       used 26175K, committed 26624K, reserved 1114112K
  class space    used 3501K, committed 3712K, reserved 1048576K
}
Event: 3.515 GC heap after
{Heap after GC invocations=6 (full 0):
 garbage-first heap   total reserved 2054144K, committed 54272K, used 15261K [0x0000000082a00000, 0x0000000100000000)
  region size 1024K, 2 young (2048K), 2 survivors (2048K)
 Metaspace       used 26175K, committed 26624K, reserved 1114112K
  class space    used 3501K, committed 3712K, reserved 1048576K
}
Event: 4.349 GC heap before
{Heap before GC invocations=6 (full 0):
 garbage-first heap   total reserved 2054144K, committed 54272K, used 42909K [0x0000000082a00000, 0x0000000100000000)
  region size 1024K, 29 young (29696K), 2 survivors (2048K)
 Metaspace       used 30624K, committed 31232K, reserved 1114112K
  class space    used 4156K, committed 4416K, reserved 1048576K
}
Event: 4.355 GC heap after
{Heap after GC invocations=7 (full 0):
 garbage-first heap   total reserved 2054144K, committed 54272K, used 17724K [0x0000000082a00000, 0x0000000100000000)
  region size 1024K, 4 young (4096K), 4 survivors (4096K)
 Metaspace       used 30624K, committed 31232K, reserved 1114112K
  class space    used 4156K, committed 4416K, reserved 1048576K
}
Event: 4.932 GC heap before
{Heap before GC invocations=7 (full 0):
 garbage-first heap   total reserved 2054144K, committed 54272K, used 40252K [0x0000000082a00000, 0x0000000100000000)
  region size 1024K, 28 young (28672K), 4 survivors (4096K)
 Metaspace       used 35597K, committed 36160K, reserved 1114112K
  class space    used 4882K, committed 5120K, reserved 1048576K
}
Event: 4.937 GC heap after
{Heap after GC invocations=8 (full 0):
 garbage-first heap   total reserved 2054144K, committed 54272K, used 19312K [0x0000000082a00000, 0x0000000100000000)
  region size 1024K, 2 young (2048K), 2 survivors (2048K)
 Metaspace       used 35597K, committed 36160K, reserved 1114112K
  class space    used 4882K, committed 5120K, reserved 1048576K
}
Event: 6.027 GC heap before
{Heap before GC invocations=9 (full 0):
 garbage-first heap   total reserved 2054144K, committed 54272K, used 44912K [0x0000000082a00000, 0x0000000100000000)
  region size 1024K, 27 young (27648K), 2 survivors (2048K)
 Metaspace       used 44176K, committed 44800K, reserved 1114112K
  class space    used 6079K, committed 6336K, reserved 1048576K
}
Event: 6.032 GC heap after
{Heap after GC invocations=10 (full 0):
 garbage-first heap   total reserved 2054144K, committed 54272K, used 21306K [0x0000000082a00000, 0x0000000100000000)
  region size 1024K, 4 young (4096K), 4 survivors (4096K)
 Metaspace       used 44176K, committed 44800K, reserved 1114112K
  class space    used 6079K, committed 6336K, reserved 1048576K
}
Event: 6.503 GC heap before
{Heap before GC invocations=10 (full 0):
 garbage-first heap   total reserved 2054144K, committed 54272K, used 44858K [0x0000000082a00000, 0x0000000100000000)
  region size 1024K, 27 young (27648K), 4 survivors (4096K)
 Metaspace       used 48590K, committed 49216K, reserved 1114112K
  class space    used 6683K, committed 6912K, reserved 1048576K
}
Event: 6.508 GC heap after
{Heap after GC invocations=11 (full 0):
 garbage-first heap   total reserved 2054144K, committed 54272K, used 22826K [0x0000000082a00000, 0x0000000100000000)
  region size 1024K, 2 young (2048K), 2 survivors (2048K)
 Metaspace       used 48590K, committed 49216K, reserved 1114112K
  class space    used 6683K, committed 6912K, reserved 1048576K
}
Event: 7.083 GC heap before
{Heap before GC invocations=11 (full 0):
 garbage-first heap   total reserved 2054144K, committed 54272K, used 45354K [0x0000000082a00000, 0x0000000100000000)
  region size 1024K, 25 young (25600K), 2 survivors (2048K)
 Metaspace       used 55078K, committed 55744K, reserved 1114112K
  class space    used 7774K, committed 8064K, reserved 1048576K
}
Event: 7.086 GC heap after
{Heap after GC invocations=12 (full 0):
 garbage-first heap   total reserved 2054144K, committed 54272K, used 23521K [0x0000000082a00000, 0x0000000100000000)
  region size 1024K, 3 young (3072K), 3 survivors (3072K)
 Metaspace       used 55078K, committed 55744K, reserved 1114112K
  class space    used 7774K, committed 8064K, reserved 1048576K
}
Event: 7.554 GC heap before
{Heap before GC invocations=12 (full 0):
 garbage-first heap   total reserved 2054144K, committed 54272K, used 46049K [0x0000000082a00000, 0x0000000100000000)
  region size 1024K, 25 young (25600K), 3 survivors (3072K)
 Metaspace       used 59865K, committed 60416K, reserved 1114112K
  class space    used 8397K, committed 8640K, reserved 1048576K
}
Event: 7.561 GC heap after
{Heap after GC invocations=13 (full 0):
 garbage-first heap   total reserved 2054144K, committed 54272K, used 25448K [0x0000000082a00000, 0x0000000100000000)
  region size 1024K, 3 young (3072K), 3 survivors (3072K)
 Metaspace       used 59865K, committed 60416K, reserved 1114112K
  class space    used 8397K, committed 8640K, reserved 1048576K
}
Event: 7.562 GC heap before
{Heap before GC invocations=13 (full 0):
 garbage-first heap   total reserved 2054144K, committed 54272K, used 25448K [0x0000000082a00000, 0x0000000100000000)
  region size 1024K, 4 young (4096K), 3 survivors (3072K)
 Metaspace       used 59868K, committed 60416K, reserved 1114112K
  class space    used 8398K, committed 8640K, reserved 1048576K
}
Event: 7.566 GC heap after
{Heap after GC invocations=14 (full 0):
 garbage-first heap   total reserved 2054144K, committed 65536K, used 25633K [0x0000000082a00000, 0x0000000100000000)
  region size 1024K, 1 young (1024K), 1 survivors (1024K)
 Metaspace       used 59868K, committed 60416K, reserved 1114112K
  class space    used 8398K, committed 8640K, reserved 1048576K
}
Event: 12.513 GC heap before
{Heap before GC invocations=15 (full 0):
 garbage-first heap   total reserved 2054144K, committed 65536K, used 57377K [0x0000000082a00000, 0x0000000100000000)
  region size 1024K, 33 young (33792K), 1 survivors (1024K)
 Metaspace       used 63797K, committed 64512K, reserved 1114112K
  class space    used 9032K, committed 9344K, reserved 1048576K
}
Event: 12.525 GC heap after
{Heap after GC invocations=16 (full 0):
 garbage-first heap   total reserved 2054144K, committed 65536K, used 28797K [0x0000000082a00000, 0x0000000100000000)
  region size 1024K, 4 young (4096K), 4 survivors (4096K)
 Metaspace       used 63797K, committed 64512K, reserved 1114112K
  class space    used 9032K, committed 9344K, reserved 1048576K
}

Dll operation events (12 events):
Event: 0.035 Loaded shared library C:\Program Files\Java\jdk-22\bin\java.dll
Event: 0.416 Loaded shared library C:\Program Files\Java\jdk-22\bin\zip.dll
Event: 0.424 Loaded shared library C:\Program Files\Java\jdk-22\bin\instrument.dll
Event: 0.431 Loaded shared library C:\Program Files\Java\jdk-22\bin\net.dll
Event: 0.433 Loaded shared library C:\Program Files\Java\jdk-22\bin\nio.dll
Event: 0.441 Loaded shared library C:\Program Files\Java\jdk-22\bin\zip.dll
Event: 0.629 Loaded shared library C:\Program Files\Java\jdk-22\bin\jimage.dll
Event: 0.696 Loaded shared library C:\Program Files\Java\jdk-22\bin\management.dll
Event: 0.715 Loaded shared library C:\Program Files\Java\jdk-22\bin\management_ext.dll
Event: 1.025 Loaded shared library C:\Program Files\Java\jdk-22\bin\extnet.dll
Event: 2.421 Loaded shared library C:\Program Files\Java\jdk-22\bin\sunmscapi.dll
Event: 4.866 Loaded shared library C:\Program Files\Java\jdk-22\bin\verify.dll

Deoptimization events (20 events):
Event: 12.829 Thread 0x00000235fe4cbbb0 DEOPT PACKING pc=0x00000235b351be74 sp=0x0000006fa50facb0
Event: 12.829 Thread 0x00000235fe4cbbb0 DEOPT UNPACKING pc=0x00000235b30a4e42 sp=0x0000006fa50fa178 mode 1
Event: 12.829 Thread 0x00000235fe4cbbb0 DEOPT PACKING pc=0x00000235b351bb6c sp=0x0000006fa50fad40
Event: 12.829 Thread 0x00000235fe4cbbb0 DEOPT UNPACKING pc=0x00000235b30a4e42 sp=0x0000006fa50fa218 mode 1
Event: 12.832 Thread 0x00000235fe4cbbb0 DEOPT PACKING pc=0x00000235b35509d9 sp=0x0000006fa50fac70
Event: 12.832 Thread 0x00000235fe4cbbb0 DEOPT UNPACKING pc=0x00000235b30a4e42 sp=0x0000006fa50fa0c8 mode 1
Event: 12.832 Thread 0x00000235fe4cbbb0 DEOPT PACKING pc=0x00000235b354db0c sp=0x0000006fa50fad00
Event: 12.832 Thread 0x00000235fe4cbbb0 DEOPT UNPACKING pc=0x00000235b30a4e42 sp=0x0000006fa50fa1a8 mode 1
Event: 12.832 Thread 0x00000235fe4cbbb0 DEOPT PACKING pc=0x00000235b351be74 sp=0x0000006fa50fb6c0
Event: 12.832 Thread 0x00000235fe4cbbb0 DEOPT UNPACKING pc=0x00000235b30a4e42 sp=0x0000006fa50fab88 mode 1
Event: 12.832 Thread 0x00000235fe4cbbb0 DEOPT PACKING pc=0x00000235b351bb6c sp=0x0000006fa50fb750
Event: 12.832 Thread 0x00000235fe4cbbb0 DEOPT UNPACKING pc=0x00000235b30a4e42 sp=0x0000006fa50fac28 mode 1
Event: 12.832 Thread 0x00000235fe4cbbb0 DEOPT PACKING pc=0x00000235b35509d9 sp=0x0000006fa50fac70
Event: 12.832 Thread 0x00000235fe4cbbb0 DEOPT UNPACKING pc=0x00000235b30a4e42 sp=0x0000006fa50fa0c8 mode 1
Event: 12.832 Thread 0x00000235fe4cbbb0 DEOPT PACKING pc=0x00000235b354db0c sp=0x0000006fa50fad00
Event: 12.832 Thread 0x00000235fe4cbbb0 DEOPT UNPACKING pc=0x00000235b30a4e42 sp=0x0000006fa50fa1a8 mode 1
Event: 12.832 Thread 0x00000235fe4cbbb0 DEOPT PACKING pc=0x00000235b351be74 sp=0x0000006fa50fb6c0
Event: 12.832 Thread 0x00000235fe4cbbb0 DEOPT UNPACKING pc=0x00000235b30a4e42 sp=0x0000006fa50fab88 mode 1
Event: 12.832 Thread 0x00000235fe4cbbb0 DEOPT PACKING pc=0x00000235b351bb6c sp=0x0000006fa50fb750
Event: 12.832 Thread 0x00000235fe4cbbb0 DEOPT UNPACKING pc=0x00000235b30a4e42 sp=0x0000006fa50fac28 mode 1

Classes loaded (20 events):
Event: 12.680 Loading class java/util/stream/DoubleStream
Event: 12.681 Loading class java/util/stream/DoubleStream done
Event: 12.715 Loading class org/w3c/dom/Node
Event: 12.716 Loading class org/w3c/dom/Node done
Event: 12.716 Loading class org/w3c/dom/Document
Event: 12.716 Loading class org/w3c/dom/Document done
Event: 12.795 Loading class java/util/regex/Pattern$Bound
Event: 12.795 Loading class java/util/regex/Pattern$Bound done
Event: 12.885 Loading class jdk/internal/loader/BootLoader$PackageHelper
Event: 12.885 Loading class jdk/internal/loader/BootLoader$PackageHelper done
Event: 12.898 Loading class java/util/stream/ReferencePipeline$4
Event: 12.898 Loading class java/util/stream/ReferencePipeline$4 done
Event: 12.898 Loading class java/util/function/IntBinaryOperator
Event: 12.898 Loading class java/util/function/IntBinaryOperator done
Event: 12.899 Loading class java/util/stream/ReduceOps$7
Event: 12.899 Loading class java/util/stream/ReduceOps$7 done
Event: 12.899 Loading class java/util/stream/ReduceOps$6ReducingSink
Event: 12.899 Loading class java/util/stream/ReduceOps$6ReducingSink done
Event: 12.899 Loading class java/util/stream/ReferencePipeline$4$1
Event: 12.899 Loading class java/util/stream/ReferencePipeline$4$1 done

Classes unloaded (0 events):
No events

Classes redefined (0 events):
No events

Internal exceptions (20 events):
Event: 7.318 Thread 0x00000235aad1d560 Exception <a 'java/lang/NoSuchMethodError'{0x00000000855972d0}: 'void java.lang.invoke.Invokers$Holder.invokeExact_MT(java.lang.Object, java.lang.Object, java.lang.Object, java.lang.Object)'> (0x00000000855972d0) 
thrown [s\open\src\hotspot\share\interpreter\linkResolver.cpp, line 774]
Event: 7.381 Thread 0x00000235aad1d560 Exception <a 'java/lang/IncompatibleClassChangeError'{0x000000008519de28}: Found class java.lang.Object, but interface was expected> (0x000000008519de28) 
thrown [s\open\src\hotspot\share\interpreter\linkResolver.cpp, line 841]
Event: 7.390 Thread 0x00000235aad1d560 Exception <a 'java/lang/IncompatibleClassChangeError'{0x000000008501f770}: Found class java.lang.Object, but interface was expected> (0x000000008501f770) 
thrown [s\open\src\hotspot\share\interpreter\linkResolver.cpp, line 841]
Event: 7.420 Thread 0x00000235aad1d560 Exception <a 'java/lang/IncompatibleClassChangeError'{0x0000000084fb62e8}: Found class java.lang.Object, but interface was expected> (0x0000000084fb62e8) 
thrown [s\open\src\hotspot\share\interpreter\linkResolver.cpp, line 841]
Event: 7.574 Thread 0x00000235aad1d560 Exception <a 'java/lang/IncompatibleClassChangeError'{0x000000008a745c20}: Found class java.lang.Object, but interface was expected> (0x000000008a745c20) 
thrown [s\open\src\hotspot\share\interpreter\linkResolver.cpp, line 841]
Event: 7.658 Thread 0x00000235aad1d560 Exception <a 'java/lang/NoSuchMethodError'{0x0000000088ce75b8}: 'java.lang.Object java.lang.invoke.DirectMethodHandle$Holder.newInvokeSpecial(java.lang.Object, java.lang.Object, java.lang.Object, java.lang.Object, java.lang.Object, java.lang.Object, java.lang.Object, java.lang.Object)'> (0x0000000088ce75b8) 
thrown [s\open\src\hotspot\share\interpreter\linkResolver.cpp, line 774]
Event: 7.916 Thread 0x00000235aad1d560 Exception <a 'java/lang/IncompatibleClassChangeError'{0x0000000085a8aa40}: Found class java.lang.Object, but interface was expected> (0x0000000085a8aa40) 
thrown [s\open\src\hotspot\share\interpreter\linkResolver.cpp, line 841]
Event: 7.957 Thread 0x00000235aad1d560 Exception <a 'java/lang/NoSuchMethodError'{0x0000000085851f10}: 'void java.lang.invoke.DirectMethodHandle$Holder.invokeVirtual(java.lang.Object, java.lang.Object, long)'> (0x0000000085851f10) 
thrown [s\open\src\hotspot\share\interpreter\linkResolver.cpp, line 774]
Event: 8.027 Thread 0x00000235aad1d560 Exception <a 'java/lang/NoSuchMethodError'{0x00000000855c4180}: 'int java.lang.invoke.DirectMethodHandle$Holder.invokeStaticInit(java.lang.Object, java.lang.Object, java.lang.Object, java.lang.Object)'> (0x00000000855c4180) 
thrown [s\open\src\hotspot\share\interpreter\linkResolver.cpp, line 774]
Event: 8.089 Thread 0x00000235aad1d560 Exception <a 'java/lang/IncompatibleClassChangeError'{0x00000000853bd1d8}: Found class java.lang.Object, but interface was expected> (0x00000000853bd1d8) 
thrown [s\open\src\hotspot\share\interpreter\linkResolver.cpp, line 841]
Event: 8.175 Thread 0x00000235aad1d560 Exception <a 'java/lang/NoSuchMethodError'{0x0000000084e49a50}: 'java.lang.Object java.lang.invoke.DirectMethodHandle$Holder.newInvokeSpecial(java.lang.Object, java.lang.Object, int, java.lang.Object, java.lang.Object)'> (0x0000000084e49a50) 
thrown [s\open\src\hotspot\share\interpreter\linkResolver.cpp, line 774]
Event: 8.176 Thread 0x00000235aad1d560 Exception <a 'java/lang/NoSuchMethodError'{0x0000000084e54c50}: 'java.lang.Object java.lang.invoke.DirectMethodHandle$Holder.invokeSpecial(java.lang.Object, java.lang.Object, int, java.lang.Object, int, java.lang.Object)'> (0x0000000084e54c50) 
thrown [s\open\src\hotspot\share\interpreter\linkResolver.cpp, line 774]
Event: 8.177 Thread 0x00000235aad1d560 Exception <a 'java/lang/NoSuchMethodError'{0x0000000084e5c020}: 'java.lang.Object java.lang.invoke.DirectMethodHandle$Holder.newInvokeSpecial(java.lang.Object, java.lang.Object, int, java.lang.Object, int)'> (0x0000000084e5c020) 
thrown [s\open\src\hotspot\share\interpreter\linkResolver.cpp, line 774]
Event: 8.177 Thread 0x00000235aad1d560 Exception <a 'java/lang/NoSuchMethodError'{0x0000000084e5ff20}: 'java.lang.Object java.lang.invoke.DirectMethodHandle$Holder.invokeSpecial(java.lang.Object, java.lang.Object, java.lang.Object, int, java.lang.Object, int)'> (0x0000000084e5ff20) 
thrown [s\open\src\hotspot\share\interpreter\linkResolver.cpp, line 774]
Event: 12.363 Thread 0x00000235fe4cbbb0 Exception <a 'java/lang/NoSuchMethodError'{0x0000000084b583a0}: 'java.lang.Object java.lang.invoke.DirectMethodHandle$Holder.invokeSpecial(java.lang.Object, java.lang.Object, java.lang.Object, java.lang.Object, java.lang.Object, long)'> (0x0000000084b583a0) 
thrown [s\open\src\hotspot\share\interpreter\linkResolver.cpp, line 774]
Event: 12.363 Thread 0x00000235fe4cbbb0 Exception <a 'java/lang/NoSuchMethodError'{0x0000000084b5bbb0}: 'java.lang.Object java.lang.invoke.Invokers$Holder.linkToTargetMethod(java.lang.Object, java.lang.Object, java.lang.Object, long, java.lang.Object)'> (0x0000000084b5bbb0) 
thrown [s\open\src\hotspot\share\interpreter\linkResolver.cpp, line 774]
Event: 12.616 Thread 0x00000235fe4cbbb0 Exception <a 'java/lang/NoSuchMethodError'{0x0000000088fda918}: 'java.lang.Object java.lang.invoke.DirectMethodHandle$Holder.invokeInterface(java.lang.Object, java.lang.Object, java.lang.Object, java.lang.Object)'> (0x0000000088fda918) 
thrown [s\open\src\hotspot\share\interpreter\linkResolver.cpp, line 774]
Event: 12.767 Thread 0x00000235fe4cbbb0 Exception <a 'java/lang/NoSuchMethodError'{0x0000000088c92f08}: 'long java.lang.invoke.DelegatingMethodHandle$Holder.reinvoke_L(java.lang.Object, java.lang.Object)'> (0x0000000088c92f08) 
thrown [s\open\src\hotspot\share\interpreter\linkResolver.cpp, line 774]
Event: 12.777 Thread 0x00000235fe4cbbb0 Exception <a 'java/lang/NoSuchMethodError'{0x0000000088cd0648}: 'void java.lang.invoke.DirectMethodHandle$Holder.invokeSpecialIFC(java.lang.Object, java.lang.Object, int, java.lang.Object, java.lang.Object, java.lang.Object, java.lang.Object)'> (0x0000000088cd0648) 
thrown [s\open\src\hotspot\share\interpreter\linkResolver.cpp, line 774]
Event: 12.850 Thread 0x00000235fe4cbbb0 Exception <a 'java/lang/NoSuchMethodError'{0x00000000863aac00}: 'void java.lang.invoke.DelegatingMethodHandle$Holder.reinvoke_L(java.lang.Object, java.lang.Object, long)'> (0x00000000863aac00) 
thrown [s\open\src\hotspot\share\interpreter\linkResolver.cpp, line 774]

ZGC Phase Switch (0 events):
No events

VM Operations (20 events):
Event: 7.609 Executing VM operation: G1PauseCleanup done
Event: 7.747 Executing VM operation: HandshakeAllThreads (Deoptimize)
Event: 7.747 Executing VM operation: HandshakeAllThreads (Deoptimize) done
Event: 7.808 Executing VM operation: HandshakeAllThreads (Deoptimize)
Event: 7.808 Executing VM operation: HandshakeAllThreads (Deoptimize) done
Event: 7.976 Executing VM operation: HandshakeAllThreads (Deoptimize)
Event: 7.976 Executing VM operation: HandshakeAllThreads (Deoptimize) done
Event: 8.983 Executing VM operation: Cleanup
Event: 8.984 Executing VM operation: Cleanup done
Event: 9.994 Executing VM operation: Cleanup
Event: 9.994 Executing VM operation: Cleanup done
Event: 12.513 Executing VM operation: G1CollectForAllocation (G1 Evacuation Pause)
Event: 12.525 Executing VM operation: G1CollectForAllocation (G1 Evacuation Pause) done
Event: 12.646 Executing VM operation: HandshakeAllThreads (Deoptimize)
Event: 12.646 Executing VM operation: HandshakeAllThreads (Deoptimize) done
Event: 12.687 Executing VM operation: HandshakeAllThreads (Deoptimize)
Event: 12.688 Executing VM operation: HandshakeAllThreads (Deoptimize) done
Event: 13.696 Executing VM operation: Cleanup
Event: 13.696 Executing VM operation: Cleanup done
Event: 59.839 Executing VM operation: RedefineClasses

Events (20 events):
Event: 7.592 Thread 0x00000235bb2d31c0 flushing nmethod 0x00000235b3757010
Event: 7.592 Thread 0x00000235bb2d31c0 flushing nmethod 0x00000235b385e210
Event: 7.592 Thread 0x00000235bb2d31c0 flushing nmethod 0x00000235b385f010
Event: 7.592 Thread 0x00000235bb2d31c0 flushing nmethod 0x00000235b38d5a90
Event: 7.592 Thread 0x00000235bb2d31c0 flushing nmethod 0x00000235b354f310
Event: 7.592 Thread 0x00000235bb2d31c0 flushing nmethod 0x00000235b3771090
Event: 7.592 Thread 0x00000235bb2d31c0 flushing nmethod 0x00000235b379ed90
Event: 7.592 Thread 0x00000235bb2d31c0 flushing nmethod 0x00000235b36aff90
Event: 7.592 Thread 0x00000235bb2d31c0 flushing nmethod 0x00000235b3835b10
Event: 7.592 Thread 0x00000235bb2d31c0 flushing nmethod 0x00000235b38eeb10
Event: 7.592 Thread 0x00000235bb2d31c0 flushing nmethod 0x00000235b393c910
Event: 7.592 Thread 0x00000235bb2d31c0 flushing nmethod 0x00000235b393cc10
Event: 8.197 Thread 0x00000235fe5abd90 Thread added: 0x00000235fe5abd90
Event: 8.198 Thread 0x00000235fe5ad7d0 Thread added: 0x00000235fe5ad7d0
Event: 8.220 Thread 0x00000235aad1d560 Thread exited: 0x00000235aad1d560
Event: 8.220 Thread 0x00000235fe5ade60 Thread added: 0x00000235fe5ade60
Event: 9.204 Thread 0x00000235fd269d40 Thread exited: 0x00000235fd269d40
Event: 11.530 Thread 0x00000235fe5aff30 Thread exited: 0x00000235fe5aff30
Event: 14.304 Thread 0x00000235fd268160 Thread exited: 0x00000235fd268160
Event: 19.317 Thread 0x00000235bb52d7b0 Thread exited: 0x00000235bb52d7b0


Dynamic libraries:
0x00007ff78a480000 - 0x00007ff78a490000 	C:\Program Files\Java\jdk-22\bin\javaw.exe
0x00007ffb52c10000 - 0x00007ffb52e27000 	C:\WINDOWS\SYSTEM32\ntdll.dll
0x00007ffb523e0000 - 0x00007ffb524a4000 	C:\WINDOWS\System32\KERNEL32.DLL
0x00007ffb50200000 - 0x00007ffb505a7000 	C:\WINDOWS\System32\KERNELBASE.dll
0x00007ffb50770000 - 0x00007ffb50881000 	C:\WINDOWS\System32\ucrtbase.dll
0x00007ffb47c50000 - 0x00007ffb47c67000 	C:\Program Files\Java\jdk-22\bin\jli.dll
0x00007ffb51810000 - 0x00007ffb518c2000 	C:\WINDOWS\System32\ADVAPI32.dll
0x00007ffb47c30000 - 0x00007ffb47c4b000 	C:\Program Files\Java\jdk-22\bin\VCRUNTIME140.dll
0x00007ffb51ca0000 - 0x00007ffb51d47000 	C:\WINDOWS\System32\msvcrt.dll
0x00007ffb52530000 - 0x00007ffb525d8000 	C:\WINDOWS\System32\sechost.dll
0x00007ffb50910000 - 0x00007ffb50938000 	C:\WINDOWS\System32\bcrypt.dll
0x00007ffb51d50000 - 0x00007ffb51e65000 	C:\WINDOWS\System32\RPCRT4.dll
0x00007ffb50940000 - 0x00007ffb50aee000 	C:\WINDOWS\System32\USER32.dll
0x00007ffb4ff30000 - 0x00007ffb4ff56000 	C:\WINDOWS\System32\win32u.dll
0x00007ffb3cb40000 - 0x00007ffb3cdd3000 	C:\WINDOWS\WinSxS\amd64_microsoft.windows.common-controls_6595b64144ccf1df_6.0.22621.3527_none_270e469b73872a76\COMCTL32.dll
0x00007ffb52b80000 - 0x00007ffb52ba9000 	C:\WINDOWS\System32\GDI32.dll
0x00007ffb50650000 - 0x00007ffb50769000 	C:\WINDOWS\System32\gdi32full.dll
0x00007ffb505b0000 - 0x00007ffb5064a000 	C:\WINDOWS\System32\msvcp_win.dll
0x00007ffb477a0000 - 0x00007ffb477aa000 	C:\WINDOWS\SYSTEM32\VERSION.dll
0x00007ffb525e0000 - 0x00007ffb52611000 	C:\WINDOWS\System32\IMM32.DLL
0x00007ffb4b870000 - 0x00007ffb4b87c000 	C:\Program Files\Java\jdk-22\bin\vcruntime140_1.dll
0x00007ffb2bcf0000 - 0x00007ffb2bd7e000 	C:\Program Files\Java\jdk-22\bin\msvcp140.dll
0x00007ffaf8210000 - 0x00007ffaf8f57000 	C:\Program Files\Java\jdk-22\bin\server\jvm.dll
0x00007ffb52150000 - 0x00007ffb521c1000 	C:\WINDOWS\System32\WS2_32.dll
0x00007ffb4f100000 - 0x00007ffb4f14d000 	C:\WINDOWS\SYSTEM32\POWRPROF.dll
0x00007ffb47a40000 - 0x00007ffb47a74000 	C:\WINDOWS\SYSTEM32\WINMM.dll
0x00007ffb4f0e0000 - 0x00007ffb4f0f3000 	C:\WINDOWS\SYSTEM32\UMPDC.dll
0x00007ffb4ef80000 - 0x00007ffb4ef98000 	C:\WINDOWS\SYSTEM32\kernel.appcore.dll
0x00007ffb4b290000 - 0x00007ffb4b29a000 	C:\Program Files\Java\jdk-22\bin\jimage.dll
0x00007ffb39940000 - 0x00007ffb39b72000 	C:\WINDOWS\SYSTEM32\DBGHELP.DLL
0x00007ffb51410000 - 0x00007ffb51798000 	C:\WINDOWS\System32\combase.dll
0x00007ffb52620000 - 0x00007ffb526f7000 	C:\WINDOWS\System32\OLEAUT32.dll
0x00007ffb39900000 - 0x00007ffb39932000 	C:\WINDOWS\SYSTEM32\dbgcore.DLL
0x00007ffb50890000 - 0x00007ffb50909000 	C:\WINDOWS\System32\bcryptPrimitives.dll
0x00007ffb41960000 - 0x00007ffb4199c000 	C:\Program Files\Java\jdk-22\bin\jdwp.dll
0x00007ffb4a3c0000 - 0x00007ffb4a3cf000 	C:\Program Files\Java\jdk-22\bin\instrument.dll
0x00007ffb46b00000 - 0x00007ffb46b1e000 	C:\Program Files\Java\jdk-22\bin\java.dll
0x00007ffb50af0000 - 0x00007ffb5134c000 	C:\WINDOWS\System32\SHELL32.dll
0x00007ffb521d0000 - 0x00007ffb52375000 	C:\WINDOWS\System32\ole32.dll
0x00007ffb4de20000 - 0x00007ffb4e716000 	C:\WINDOWS\SYSTEM32\windows.storage.dll
0x00007ffb4dce0000 - 0x00007ffb4de1e000 	C:\WINDOWS\SYSTEM32\wintypes.dll
0x00007ffb518d0000 - 0x00007ffb519c5000 	C:\WINDOWS\System32\SHCORE.dll
0x00007ffb51350000 - 0x00007ffb513ae000 	C:\WINDOWS\System32\shlwapi.dll
0x00007ffb4fe60000 - 0x00007ffb4fe81000 	C:\WINDOWS\SYSTEM32\profapi.dll
0x00007ffb49990000 - 0x00007ffb4999c000 	C:\Program Files\Java\jdk-22\bin\dt_socket.dll
0x00007ffb4e980000 - 0x00007ffb4e9ad000 	C:\WINDOWS\SYSTEM32\IPHLPAPI.DLL
0x00007ffb4f470000 - 0x00007ffb4f4d9000 	C:\WINDOWS\system32\mswsock.dll
0x00007ffb4e9f0000 - 0x00007ffb4eae8000 	C:\WINDOWS\SYSTEM32\DNSAPI.dll
0x00007ffb51c90000 - 0x00007ffb51c99000 	C:\WINDOWS\System32\NSI.dll
0x00007ffb40ec0000 - 0x00007ffb40eca000 	C:\Windows\System32\rasadhlp.dll
0x00007ffb46830000 - 0x00007ffb468b3000 	C:\WINDOWS\System32\fwpuclnt.dll
0x00007ffb448e0000 - 0x00007ffb448f7000 	C:\Program Files\Java\jdk-22\bin\zip.dll
0x00007ffb49090000 - 0x00007ffb490a0000 	C:\Program Files\Java\jdk-22\bin\net.dll
0x00007ffb401a0000 - 0x00007ffb401b6000 	C:\Program Files\Java\jdk-22\bin\nio.dll
0x00007ffb47c20000 - 0x00007ffb47c2a000 	C:\Program Files\Java\jdk-22\bin\management.dll
0x00007ffb44a60000 - 0x00007ffb44a6b000 	C:\Program Files\Java\jdk-22\bin\management_ext.dll
0x00007ffb52130000 - 0x00007ffb52138000 	C:\WINDOWS\System32\PSAPI.DLL
0x00007ffadf560000 - 0x00007ffadf577000 	C:\WINDOWS\system32\napinsp.dll
0x00007ffadf540000 - 0x00007ffadf55b000 	C:\WINDOWS\system32\pnrpnsp.dll
0x00007ffadf520000 - 0x00007ffadf531000 	C:\WINDOWS\System32\winrnr.dll
0x00007ffb47780000 - 0x00007ffb47795000 	C:\WINDOWS\system32\wshbth.dll
0x00007ffaec580000 - 0x00007ffaec5a7000 	C:\WINDOWS\system32\nlansp_c.dll
0x00007ffb4f700000 - 0x00007ffb4f71b000 	C:\WINDOWS\SYSTEM32\CRYPTSP.dll
0x00007ffb4eee0000 - 0x00007ffb4ef15000 	C:\WINDOWS\system32\rsaenh.dll
0x00007ffb4f540000 - 0x00007ffb4f568000 	C:\WINDOWS\SYSTEM32\USERENV.dll
0x00007ffb4f6f0000 - 0x00007ffb4f6fc000 	C:\WINDOWS\SYSTEM32\CRYPTBASE.dll
0x00007ffb41920000 - 0x00007ffb41929000 	C:\Program Files\Java\jdk-22\bin\extnet.dll
0x00007ffb41730000 - 0x00007ffb4173e000 	C:\Program Files\Java\jdk-22\bin\sunmscapi.dll
0x00007ffb50090000 - 0x00007ffb501f8000 	C:\WINDOWS\System32\CRYPT32.dll
0x00007ffb4f8d0000 - 0x00007ffb4f8fe000 	C:\WINDOWS\SYSTEM32\ncrypt.dll
0x00007ffb4f890000 - 0x00007ffb4f8c7000 	C:\WINDOWS\SYSTEM32\NTASN1.dll
0x00007ffb40b70000 - 0x00007ffb40b80000 	C:\Program Files\Java\jdk-22\bin\verify.dll
0x00007ffb3fb00000 - 0x00007ffb3fb08000 	C:\WINDOWS\system32\wshunix.dll

dbghelp: loaded successfully - version: 4.0.5 - missing functions: none
symbol engine: initialized successfully - sym options: 0x614 - pdb path: .;C:\Program Files\Java\jdk-22\bin;C:\WINDOWS\SYSTEM32;C:\WINDOWS\WinSxS\amd64_microsoft.windows.common-controls_6595b64144ccf1df_6.0.22621.3527_none_270e469b73872a76;C:\Program Files\Java\jdk-22\bin\server

VM Arguments:
jvm_args: -XX:+ShowCodeDetailsInExceptionMessages -agentlib:jdwp=transport=dt_socket,suspend=y,address=localhost:64831 -Dcom.sun.management.jmxremote -Dcom.sun.management.jmxremote.port=64829 -Dcom.sun.management.jmxremote.authenticate=false -Dcom.sun.management.jmxremote.ssl=false -Djava.rmi.server.hostname=localhost -Dspring.jmx.enabled=true -Dmanagement.endpoints.jmx.exposure.include=* -Dspring.application.admin.enabled=true -XX:TieredStopAtLevel=1 -Dspring.boot.project.name=springrest -javaagent:C:\Users\rupal\Downloads\sts-4.22.1.RELEASE\configuration\org.eclipse.osgi\266\0\.cp\lib\javaagent-shaded.jar -Dfile.encoding=UTF-8 -Dstdout.encoding=UTF-8 -Dstderr.encoding=UTF-8 
java_command: com.springrest.springrest.SpringrestApplication --spring.output.ansi.enabled=always
java_class_path (initial): C:\Users\rupal\OneDrive\Desktop\fullstack project\springrest\springrest\target\classes;C:\Users\rupal\.m2\repository\org\springframework\boot\spring-boot-starter-web\3.3.0\spring-boot-starter-web-3.3.0.jar;C:\Users\rupal\.m2\repository\org\springframework\boot\spring-boot-starter\3.3.0\spring-boot-starter-3.3.0.jar;C:\Users\rupal\.m2\repository\org\springframework\boot\spring-boot\3.3.0\spring-boot-3.3.0.jar;C:\Users\rupal\.m2\repository\org\springframework\boot\spring-boot-autoconfigure\3.3.0\spring-boot-autoconfigure-3.3.0.jar;C:\Users\rupal\.m2\repository\org\springframework\boot\spring-boot-starter-logging\3.3.0\spring-boot-starter-logging-3.3.0.jar;C:\Users\rupal\.m2\repository\ch\qos\logback\logback-classic\1.5.6\logback-classic-1.5.6.jar;C:\Users\rupal\.m2\repository\ch\qos\logback\logback-core\1.5.6\logback-core-1.5.6.jar;C:\Users\rupal\.m2\repository\org\apache\logging\log4j\log4j-to-slf4j\2.23.1\log4j-to-slf4j-2.23.1.jar;C:\Users\rupal\.m2\repository\org\apache\logging\log4j\log4j-api\2.23.1\log4j-api-2.23.1.jar;C:\Users\rupal\.m2\repository\org\slf4j\jul-to-slf4j\2.0.13\jul-to-slf4j-2.0.13.jar;C:\Users\rupal\.m2\repository\jakarta\annotation\jakarta.annotation-api\2.1.1\jakarta.annotation-api-2.1.1.jar;C:\Users\rupal\.m2\repository\org\yaml\snakeyaml\2.2\snakeyaml-2.2.jar;C:\Users\rupal\.m2\repository\org\springframework\boot\spring-boot-starter-json\3.3.0\spring-boot-starter-json-3.3.0.jar;C:\Users\rupal\.m2\repository\com\fasterxml\jackson\core\jackson-databind\2.17.1\jackson-databind-2.17.1.jar;C:\Users\rupal\.m2\repository\com\fasterxml\jackson\core\jackson-annotations\2.17.1\jackson-annotations-2.17.1.jar;C:\Users\rupal\.m2\repository\com\fasterxml\jackson\core\jackson-core\2.17.1\jackson-core-2.17.1.jar;C:\Users\rupal\.m2\repository\com\fasterxml\jackson\datatype\jackson-datatype-jdk8\2.17.1\jackson-datatype-jdk8-2.17.1.jar;C:\Users\rupal\.m2\repository\com\fasterxml\jackson\datatype\jackson-datatype-jsr310\2.17.1\jackson-datatype-jsr310-2.17.1.jar;C:\Users\rupal\.m2\repository\com\fasterxml\jackson\module\jackson-module-parameter-names\2.17.1\jackson-module-parameter-names-2.17.1.jar;C:\Users\rupal\.m2\repository\org\springframework\boot\spring-boot-starter-tomcat\3.3.0\spring-boot-starter-tomcat-3.3.0.jar;C:\Users\rupal\.m2\repository\org\apache\tomcat\embed\tomcat-embed-core\10.1.24\tomcat-embed-core-10.1.24.jar;C:\Users\rupal\.m2\repository\org\apache\tomcat\embed\tomcat-embed-el\10.1.24\tomcat-embed-el-10.1.24.jar;C:\Users\rupal\.m2\repository\org\apache\tomcat\embed\tomcat-embed-websocket\10.1.24\tomcat-embed-websocket-10.1.24.jar;C:\Users\rupal\.m2\repository\org\springframework\spring-web\6.1.8\spring-web-6.1.8.jar;C:\Users\rupal\.m2\repository\org\springframework\spring-beans\6.1.8\spring-beans-6.1.8.jar;C:\Users\rupal\.m2\repository\io\micrometer\micrometer-observation\1.13.0\micrometer-observation-1.13.0.jar;C:\Users\rupal\.m2\repository\io\micrometer\micrometer-commons\1.13.0\micrometer-commons-1.13.0.jar;C:\Users\rupal\.m2\repository\org\springframework\spring-webmvc\6.1.8\spring-webmvc-6.1.8.jar;C:\Users\rupal\.m2\repository\org\springframework\spring-aop\6.1.8\spring-aop-6.1.8.jar;C:\Users\rupal\.m2\repository\org\springframework\spring-context\6.1.8\spring-context-6.1.8.jar;C:\Users\rupal\.m2\repository\org\springframework\spring-expression\6.1.8\spring-expression-6.1.8.jar;C:\Users\rupal\.m2\repository\org\springframework\boot\spring-boot-starter-data-jpa\3.3.0\spring-boot-starter-data-jpa-3.3.0.jar;C:\Users\rupal\.m2\repository\org\springframework\boot\spring-boot-starter-aop\3.3.0\spring-boot-starter-aop-3.3.0.jar;C:\Users\rupal\.m2\repository\org\aspectj\aspectjweaver\1.9.22\aspectjweaver-1.9.22.jar;C:\Users\rupal\.m2\repository\org\springframework\boot\spring-boot-starter-jdbc\3.3.0\spring-boot-starter-jdbc-3.3.0.jar;C:\Users\rupal\.m2\repository\com\zaxxer\HikariCP\5.1.0\HikariCP-5.1.0.jar;C:\Users\rupal\.m2\repository\org\springframework\spring-jdbc\6.1.8\spring-jdbc-6.1.8.jar;C:\Users\rupal\.m2\repository\org\hibernate\orm\hibernate-core\6.5.2.Final\hibernate-core-6.5.2.Final.jar;C:\Users\rupal\.m2\repository\jakarta\persistence\jakarta.persistence-api\3.1.0\jakarta.persistence-api-3.1.0.jar;C:\Users\rupal\.m2\repository\jakarta\transaction\jakarta.transaction-api\2.0.1\jakarta.transaction-api-2.0.1.jar;C:\Users\rupal\.m2\repository\org\jboss\logging\jboss-logging\3.5.3.Final\jboss-logging-3.5.3.Final.jar;C:\Users\rupal\.m2\repository\org\hibernate\common\hibernate-commons-annotations\6.0.6.Final\hibernate-commons-annotations-6.0.6.Final.jar;C:\Users\rupal\.m2\repository\io\smallrye\jandex\3.1.2\jandex-3.1.2.jar;C:\Users\rupal\.m2\repository\com\fasterxml\classmate\1.7.0\classmate-1.7.0.jar;C:\Users\rupal\.m2\repository\net\bytebuddy\byte-buddy\1.14.16\byte-buddy-1.14.16.jar;C:\Users\rupal\.m2\repository\org\glassfish\jaxb\jaxb-runtime\4.0.5\jaxb-runtime-4.0.5.jar;C:\Users\rupal\.m2\repository\org\glassfish\jaxb\jaxb-core\4.0.5\jaxb-core-4.0.5.jar;C:\Users\rupal\.m2\repository\org\eclipse\angus\angus-activation\2.0.2\angus-activation-2.0.2.jar;C:\Users\rupal\.m2\repository\org\glassfish\jaxb\txw2\4.0.5\txw2-4.0.5.jar;C:\Users\rupal\.m2\repository\com\sun\istack\istack-commons-runtime\4.1.2\istack-commons-runtime-4.1.2.jar;C:\Users\rupal\.m2\repository\jakarta\inject\jakarta.inject-api\2.0.1\jakarta.inject-api-2.0.1.jar;C:\Users\rupal\.m2\repository\org\antlr\antlr4-runtime\4.13.0\antlr4-runtime-4.13.0.jar;C:\Users\rupal\.m2\repository\org\springframework\data\spring-data-jpa\3.3.0\spring-data-jpa-3.3.0.jar;C:\Users\rupal\.m2\repository\org\springframework\data\spring-data-commons\3.3.0\spring-data-commons-3.3.0.jar;C:\Users\rupal\.m2\repository\org\springframework\spring-orm\6.1.8\spring-orm-6.1.8.jar;C:\Users\rupal\.m2\repository\org\springframework\spring-tx\6.1.8\spring-tx-6.1.8.jar;C:\Users\rupal\.m2\repository\org\slf4j\slf4j-api\2.0.13\slf4j-api-2.0.13.jar;C:\Users\rupal\.m2\repository\org\springframework\spring-aspects\6.1.8\spring-aspects-6.1.8.jar;C:\Users\rupal\.m2\repository\com\mysql\mysql-connector-j\8.3.0\mysql-connector-j-8.3.0.jar;C:\Users\rupal\.m2\repository\jakarta\xml\bind\jakarta.xml.bind-api\4.0.2\jakarta.xml.bind-api-4.0.2.jar;C:\Users\rupal\.m2\repository\jakarta\activation\jakarta.activation-api\2.1.3\jakarta.activation-api-2.1.3.jar;C:\Users\rupal\.m2\repository\org\springframework\spring-core\6.1.8\spring-core-6.1.8.jar;C:\Users\rupal\.m2\repository\org\springframework\spring-jcl\6.1.8\spring-jcl-6.1.8.jar
Launcher Type: SUN_STANDARD

[Global flags]
     intx CICompilerCount                          = 4                                         {product} {ergonomic}
     uint ConcGCThreads                            = 2                                         {product} {ergonomic}
     uint G1ConcRefinementThreads                  = 8                                         {product} {ergonomic}
   size_t G1HeapRegionSize                         = 1048576                                   {product} {ergonomic}
   size_t InitialHeapSize                          = 132120576                                 {product} {ergonomic}
     bool ManagementServer                         = true                                      {product} {command line}
   size_t MarkStackSize                            = 4194304                                   {product} {ergonomic}
   size_t MaxHeapSize                              = 2103443456                                {product} {ergonomic}
   size_t MaxNewSize                               = 1261436928                                {product} {ergonomic}
   size_t MinHeapDeltaBytes                        = 1048576                                   {product} {ergonomic}
   size_t MinHeapSize                              = 8388608                                   {product} {ergonomic}
    uintx NonNMethodCodeHeapSize                   = 4096                                   {pd product} {ergonomic}
    uintx NonProfiledCodeHeapSize                  = 0                                      {pd product} {ergonomic}
     bool PerfDisableSharedMem                     = true                                      {product} {ergonomic}
     bool ProfileInterpreter                       = false                                  {pd product} {command line}
    uintx ProfiledCodeHeapSize                     = 0                                      {pd product} {ergonomic}
     bool ShowCodeDetailsInExceptionMessages       = true                                   {manageable} {command line}
   size_t SoftMaxHeapSize                          = 2103443456                             {manageable} {ergonomic}
     intx TieredStopAtLevel                        = 1                                         {product} {command line}
     bool UseCompressedOops                        = true                           {product lp64_product} {ergonomic}
     bool UseG1GC                                  = true                                      {product} {ergonomic}
     bool UseLargePagesIndividualAllocation        = false                                  {pd product} {ergonomic}

Logging:
Log output configuration:
 #0: stdout all=warning uptime,level,tags foldmultilines=false
 #1: stderr all=off uptime,level,tags foldmultilines=false

Environment Variables:
PATH=C:/Users/rupal/Downloads/sts-4.22.1.RELEASE//plugins/org.eclipse.justj.openjdk.hotspot.jre.full.win32.x86_64_17.0.11.v20240426-1830/jre/bin/server;C:/Users/rupal/Downloads/sts-4.22.1.RELEASE//plugins/org.eclipse.justj.openjdk.hotspot.jre.full.win32.x86_64_17.0.11.v20240426-1830/jre/bin;C:\Program Files\Common Files\Oracle\Java\javapath;C:\Program Files (x86)\Common Files\Oracle\Java\java8path;C:\Program Files (x86)\Common Files\Oracle\Java\javapath;C:\Windows\system32;C:\Windows;C:\Windows\System32\Wbem;C:\Windows\System32\WindowsPowerShell\v1.0\;C:\Windows\System32\OpenSSH\;C:\Program Files (x86)\NVIDIA Corporation\PhysX\Common;C:\Program Files\NVIDIA Corporation\NVIDIA NvDLISR;C:\Program Files\nodejs\;C:\WINDOWS\system32;C:\WINDOWS;C:\WINDOWS\System32\Wbem;C:\WINDOWS\System32\WindowsPowerShell\v1.0\;C:\WINDOWS\System32\OpenSSH\;C:\Program Files\Git\cmd;C:\Program Files\Git\mingw64\bin;C:\Program Files\Git\usr\bin;C:\Program Files\MySQL\MySQL Server 8.0\bin;C:\Program Files\MySQL\MySQL Shell 8.0\bin\;C:\Users\rupal\AppData\Local\Microsoft\WindowsApps;C:\Users\rupal\AppData\Local\Programs\Microsoft VS Code\bin;C:\Users\rupal\AppData\Roaming\npm;C:\Users\rupal\AppData\Local\GitHubDesktop\bin;C:\Users\rupal\Downloads\sts-4.22.1.RELEASE;
USERNAME=rupal
OS=Windows_NT
PROCESSOR_IDENTIFIER=Intel64 Family 6 Model 165 Stepping 2, GenuineIntel
TMP=C:\Users\rupal\AppData\Local\Temp
TEMP=C:\Users\rupal\AppData\Local\Temp




Periodic native trim disabled

---------------  S Y S T E M  ---------------

OS:
 Windows 11 , 64 bit Build 22621 (10.0.22621.3527)
OS uptime: 23 days 12:22 hours
Hyper-V role detected

CPU: total 8 (initial active 8) (4 cores per cpu, 2 threads per core) family 6 model 165 stepping 2 microcode 0xea, cx8, cmov, fxsr, ht, mmx, 3dnowpref, sse, sse2, sse3, ssse3, sse4.1, sse4.2, popcnt, lzcnt, tsc, tscinvbit, avx, avx2, aes, erms, clmul, bmi1, bmi2, adx, fma, vzeroupper, clflush, clflushopt, hv, rdtscp, f16c
Processor Information for all 8 processors :
  Max Mhz: 2496, Current Mhz: 2496, Mhz Limit: 2496

Memory: 4k page, system-wide physical 8023M (663M free)
TotalPageFile size 21095M (AvailPageFile size 2936M)
current process WorkingSet (physical memory assigned to process): 221M, peak: 221M
current process commit charge ("private bytes"): 260M, peak: 260M

vm_info: Java HotSpot(TM) 64-Bit Server VM (22.0.1+8-16) for windows-amd64 JRE (22.0.1+8-16), built on 2024-03-12T10:33:16Z by "mach5one" with MS VC++ 17.6 (VS2022)

END.
